2017-06-09 18:50:07,414 [WARNING] yandextank.core.consoleworker consoleworker.py:169	/etc/yandex-tank is not accessible to get configs list
2017-06-09 18:50:07,414 [INFO] yandextank.core.tankcore tankcore.py:121	Loading configs...
2017-06-09 18:50:07,414 [DEBUG] yandextank.core.tankcore tankcore.py:617	Reading configs: ['/usr/local/lib/python2.7/dist-packages/yandextank/core/config/00-base.ini', '/root/.yandex-tank']
2017-06-09 18:50:07,415 [DEBUG] yandextank.core.tankcore tankcore.py:646	Section: [tank] prefix: '' options:
[('uuid', '99cd2a7e-7ca8-429e-9063-d2818ad259ad'), ('pid', '1'), ('lock_dir', '/var/lock'), ('plugin_rcheck', 'yandextank.plugins.ResourceCheck'), ('plugin_shellexec', 'yandextank.plugins.ShellExec'), ('plugin_phantom', 'yandextank.plugins.Phantom'), ('plugin_aggregate', 'yandextank.plugins.Aggregator'), ('plugin_autostop', 'yandextank.plugins.Autostop'), ('plugin_telegraf', 'yandextank.plugins.Telegraf'), ('plugin_console', 'yandextank.plugins.Console'), ('plugin_tips', 'yandextank.plugins.TipsAndTricks'), ('plugin_rcassert', 'yandextank.plugins.RCAssert'), ('plugin_jsonreport', 'yandextank.plugins.JsonReport'), ('artifacts_base_dir', 'logs')]
2017-06-09 18:50:07,415 [DEBUG] yandextank.core.tankcore tankcore.py:477	Adding artifact file to collect (keep=False): /var/lock/lunapark_rreIaX.lock
2017-06-09 18:50:07,416 [INFO] yandextank.core.tankcore tankcore.py:140	Loading plugins...
2017-06-09 18:50:07,416 [DEBUG] yandextank.core.tankcore tankcore.py:646	Section: [tank] prefix: 'plugin_' options:
[('rcheck', 'yandextank.plugins.ResourceCheck'), ('shellexec', 'yandextank.plugins.ShellExec'), ('phantom', 'yandextank.plugins.Phantom'), ('aggregate', 'yandextank.plugins.Aggregator'), ('autostop', 'yandextank.plugins.Autostop'), ('telegraf', 'yandextank.plugins.Telegraf'), ('console', 'yandextank.plugins.Console'), ('tips', 'yandextank.plugins.TipsAndTricks'), ('rcassert', 'yandextank.plugins.RCAssert'), ('jsonreport', 'yandextank.plugins.JsonReport')]
2017-06-09 18:50:07,416 [DEBUG] yandextank.core.tankcore tankcore.py:161	Loading plugin rcheck from yandextank.plugins.ResourceCheck
2017-06-09 18:50:07,417 [DEBUG] yandextank.core.tankcore tankcore.py:161	Loading plugin shellexec from yandextank.plugins.ShellExec
2017-06-09 18:50:07,417 [DEBUG] yandextank.core.tankcore tankcore.py:161	Loading plugin phantom from yandextank.plugins.Phantom
2017-06-09 18:50:07,417 [DEBUG] yandextank.core.tankcore tankcore.py:161	Loading plugin aggregate from yandextank.plugins.Aggregator
2017-06-09 18:50:07,417 [DEBUG] yandextank.core.tankcore tankcore.py:161	Loading plugin autostop from yandextank.plugins.Autostop
2017-06-09 18:50:07,417 [DEBUG] yandextank.core.tankcore tankcore.py:161	Loading plugin telegraf from yandextank.plugins.Telegraf
2017-06-09 18:50:07,417 [DEBUG] yandextank.core.tankcore tankcore.py:161	Loading plugin console from yandextank.plugins.Console
2017-06-09 18:50:07,417 [DEBUG] yandextank.core.tankcore tankcore.py:161	Loading plugin tips from yandextank.plugins.TipsAndTricks
2017-06-09 18:50:07,418 [DEBUG] yandextank.core.tankcore tankcore.py:161	Loading plugin rcassert from yandextank.plugins.RCAssert
2017-06-09 18:50:07,418 [DEBUG] yandextank.core.tankcore tankcore.py:161	Loading plugin jsonreport from yandextank.plugins.JsonReport
2017-06-09 18:50:07,419 [DEBUG] yandextank.core.tankcore tankcore.py:217	Plugin instances: {'plugin_phantom': <yandextank.plugins.Phantom.plugin.Plugin object at 0x7fe153d63050>, 'plugin_autostop': <yandextank.plugins.Autostop.plugin.Plugin object at 0x7fe153d63250>, 'plugin_console': <yandextank.plugins.Console.plugin.Plugin object at 0x7fe153d63350>, 'plugin_jsonreport': <yandextank.plugins.JsonReport.plugin.Plugin object at 0x7fe153d637d0>, 'plugin_shellexec': <yandextank.plugins.ShellExec.plugin.Plugin object at 0x7fe153d43f50>, 'plugin_tips': <yandextank.plugins.TipsAndTricks.plugin.Plugin object at 0x7fe153d63510>, 'plugin_rcassert': <yandextank.plugins.RCAssert.plugin.Plugin object at 0x7fe153d63790>, 'plugin_telegraf': <yandextank.plugins.Telegraf.plugin.Plugin object at 0x7fe153d632d0>, 'plugin_rcheck': <yandextank.plugins.ResourceCheck.plugin.Plugin object at 0x7fe153d43a90>, 'plugin_aggregate': <yandextank.plugins.Aggregator.plugin.Plugin object at 0x7fe153d630d0>}
2017-06-09 18:50:07,419 [INFO] yandextank.core.consoleworker consoleworker.py:264	Performing test
2017-06-09 18:50:07,419 [INFO] yandextank.core.tankcore tankcore.py:227	Configuring plugins...
2017-06-09 18:50:07,419 [DEBUG] yandextank.core.tankcore tankcore.py:433	Searching for plugin: <class 'yandextank.plugins.Telegraf.plugin.Plugin'>
2017-06-09 18:50:07,419 [DEBUG] yandextank.core.tankcore tankcore.py:433	Searching for plugin: <class 'yandextank.plugins.Aggregator.plugin.Plugin'>
2017-06-09 18:50:07,419 [DEBUG] yandextank.core.tankcore tankcore.py:433	Searching for plugin: <class 'yandextank.common.interfaces.GeneratorPlugin'>
2017-06-09 18:50:07,420 [DEBUG] yandextank.core.tankcore tankcore.py:262	Configuring <yandextank.plugins.Phantom.plugin.Plugin object at 0x7fe153d63050>
2017-06-09 18:50:07,420 [DEBUG] yandextank.core.tankcore tankcore.py:393	No section 'phantom', adding
2017-06-09 18:50:07,421 [DEBUG] yandextank.core.tankcore tankcore.py:433	Searching for plugin: <class 'yandextank.plugins.Autostop.plugin.Plugin'>
2017-06-09 18:50:07,422 [DEBUG] yandextank.core.tankcore tankcore.py:477	Adding artifact file to collect (keep=False): /var/loadtest/logs/answ_Aqz5Rj.log
2017-06-09 18:50:07,422 [DEBUG] yandextank.core.tankcore tankcore.py:477	Adding artifact file to collect (keep=False): /var/loadtest/logs/phout_VOifZo.log
2017-06-09 18:50:07,422 [DEBUG] yandextank.core.tankcore tankcore.py:477	Adding artifact file to collect (keep=False): /var/loadtest/logs/phantom_stat_l3oLDb.log
2017-06-09 18:50:07,422 [DEBUG] yandextank.core.tankcore tankcore.py:477	Adding artifact file to collect (keep=False): /var/loadtest/logs/phantom_rMEjxV.log
2017-06-09 18:50:07,424 [DEBUG] yandextank.common.util util.py:516	Trying to resolve address string: 127.0.0.1
2017-06-09 18:50:07,425 [DEBUG] yandextank.common.util util.py:533	Parsing port
2017-06-09 18:50:07,425 [DEBUG] yandextank.common.util util.py:543	Lookup result: [(2, 1, 6, '', ('127.0.0.1', 0)), (2, 2, 17, '', ('127.0.0.1', 0)), (2, 3, 0, '', ('127.0.0.1', 0))]
2017-06-09 18:50:07,426 [DEBUG] yandextank.common.util util.py:585	Exception on connect attempt [127.0.0.1]:80 : Traceback (most recent call last):
  File "/usr/local/lib/python2.7/dist-packages/yandextank/common/util.py", line 581, in __test
    test_sock.connect(sa)
  File "/usr/lib/python2.7/socket.py", line 228, in meth
    return getattr(self._sock,name)(*args)
error: [Errno 111] Connection refused

2017-06-09 18:50:07,426 [WARNING] yandextank.common.util util.py:569	Failed TCP connection test using [127.0.0.1]:80
2017-06-09 18:50:07,426 [DEBUG] yandextank.common.util util.py:585	Exception on connect attempt [127.0.0.1]:80 : Traceback (most recent call last):
  File "/usr/local/lib/python2.7/dist-packages/yandextank/common/util.py", line 581, in __test
    test_sock.connect(sa)
  File "/usr/lib/python2.7/socket.py", line 228, in meth
    return getattr(self._sock,name)(*args)
error: [Errno 111] Connection refused

2017-06-09 18:50:07,426 [WARNING] yandextank.common.util util.py:569	Failed TCP connection test using [127.0.0.1]:80
2017-06-09 18:50:07,426 [DEBUG] yandextank.common.util util.py:585	Exception on connect attempt [127.0.0.1]:80 : Traceback (most recent call last):
  File "/usr/local/lib/python2.7/dist-packages/yandextank/common/util.py", line 581, in __test
    test_sock.connect(sa)
  File "/usr/lib/python2.7/socket.py", line 228, in meth
    return getattr(self._sock,name)(*args)
error: [Errno 111] Connection refused

2017-06-09 18:50:07,426 [WARNING] yandextank.common.util util.py:569	Failed TCP connection test using [127.0.0.1]:80
2017-06-09 18:50:07,427 [INFO] yandextank.core.consoleworker consoleworker.py:307	Exception: Traceback (most recent call last):
  File "/usr/local/lib/python2.7/dist-packages/yandextank/core/consoleworker.py", line 267, in perform_test
    self.core.plugins_configure()
  File "/usr/local/lib/python2.7/dist-packages/yandextank/core/tankcore.py", line 263, in plugins_configure
    plugin.configure()
  File "/usr/local/lib/python2.7/dist-packages/yandextank/plugins/Phantom/plugin.py", line 93, in configure
    self.phantom.read_config()
  File "/usr/local/lib/python2.7/dist-packages/yandextank/plugins/Phantom/utils.py", line 101, in read_config
    stream.read_config()
  File "/usr/local/lib/python2.7/dist-packages/yandextank/plugins/Phantom/utils.py", line 275, in read_config
    self.address, do_test_connect, explicit_port)
  File "/usr/local/lib/python2.7/dist-packages/yandextank/common/util.py", line 575, in resolve
    raise RuntimeError(msg % address_str)
RuntimeError: All connection attempts failed for 127.0.0.1, use phantom.connection_test=0 to disable it

2017-06-09 18:50:07,427 [ERROR] yandextank.core.consoleworker consoleworker.py:309	All connection attempts failed for 127.0.0.1, use phantom.connection_test=0 to disable it
2017-06-09 18:50:07,427 [INFO] yandextank.core.consoleworker consoleworker.py:254	Trying to shutdown gracefully...
2017-06-09 18:50:07,427 [INFO] yandextank.core.tankcore tankcore.py:317	Finishing test...
2017-06-09 18:50:07,427 [DEBUG] yandextank.core.tankcore tankcore.py:321	Finalize <yandextank.plugins.Phantom.plugin.Plugin object at 0x7fe153d63050>
2017-06-09 18:50:07,428 [DEBUG] yandextank.core.tankcore tankcore.py:323	RC before: 1
2017-06-09 18:50:07,428 [DEBUG] yandextank.plugins.Phantom.plugin plugin.py:214	Seems phantom finished OK
2017-06-09 18:50:07,428 [DEBUG] yandextank.core.tankcore tankcore.py:325	RC after: 1
2017-06-09 18:50:07,428 [DEBUG] yandextank.core.tankcore tankcore.py:321	Finalize <yandextank.plugins.Autostop.plugin.Plugin object at 0x7fe153d63250>
2017-06-09 18:50:07,428 [DEBUG] yandextank.core.tankcore tankcore.py:323	RC before: 1
2017-06-09 18:50:07,428 [DEBUG] yandextank.core.tankcore tankcore.py:325	RC after: 1
2017-06-09 18:50:07,428 [DEBUG] yandextank.core.tankcore tankcore.py:321	Finalize <yandextank.plugins.Console.plugin.Plugin object at 0x7fe153d63350>
2017-06-09 18:50:07,428 [DEBUG] yandextank.core.tankcore tankcore.py:323	RC before: 1
2017-06-09 18:50:07,428 [DEBUG] yandextank.core.tankcore tankcore.py:325	RC after: 1
2017-06-09 18:50:07,428 [DEBUG] yandextank.core.tankcore tankcore.py:321	Finalize <yandextank.plugins.JsonReport.plugin.Plugin object at 0x7fe153d637d0>
2017-06-09 18:50:07,428 [DEBUG] yandextank.core.tankcore tankcore.py:323	RC before: 1
2017-06-09 18:50:07,428 [DEBUG] yandextank.core.tankcore tankcore.py:325	RC after: 1
2017-06-09 18:50:07,428 [DEBUG] yandextank.core.tankcore tankcore.py:321	Finalize <yandextank.plugins.ShellExec.plugin.Plugin object at 0x7fe153d43f50>
2017-06-09 18:50:07,428 [DEBUG] yandextank.core.tankcore tankcore.py:323	RC before: 1
2017-06-09 18:50:07,428 [DEBUG] yandextank.core.tankcore tankcore.py:325	RC after: 1
2017-06-09 18:50:07,428 [DEBUG] yandextank.core.tankcore tankcore.py:321	Finalize <yandextank.plugins.TipsAndTricks.plugin.Plugin object at 0x7fe153d63510>
2017-06-09 18:50:07,429 [DEBUG] yandextank.core.tankcore tankcore.py:323	RC before: 1
2017-06-09 18:50:07,429 [DEBUG] yandextank.core.tankcore tankcore.py:325	RC after: 1
2017-06-09 18:50:07,429 [DEBUG] yandextank.core.tankcore tankcore.py:321	Finalize <yandextank.plugins.RCAssert.plugin.Plugin object at 0x7fe153d63790>
2017-06-09 18:50:07,429 [DEBUG] yandextank.core.tankcore tankcore.py:323	RC before: 1
2017-06-09 18:50:07,429 [DEBUG] yandextank.core.tankcore tankcore.py:325	RC after: 1
2017-06-09 18:50:07,429 [DEBUG] yandextank.core.tankcore tankcore.py:321	Finalize <yandextank.plugins.Telegraf.plugin.Plugin object at 0x7fe153d632d0>
2017-06-09 18:50:07,429 [DEBUG] yandextank.core.tankcore tankcore.py:323	RC before: 1
2017-06-09 18:50:07,429 [INFO] yandextank.plugins.Telegraf.plugin plugin.py:227	Finishing monitoring
2017-06-09 18:50:07,429 [DEBUG] yandextank.plugins.Telegraf.collector collector.py:122	Uninstalling monitoring agents
2017-06-09 18:50:07,429 [DEBUG] yandextank.core.tankcore tankcore.py:325	RC after: 1
2017-06-09 18:50:07,429 [DEBUG] yandextank.core.tankcore tankcore.py:321	Finalize <yandextank.plugins.ResourceCheck.plugin.Plugin object at 0x7fe153d43a90>
2017-06-09 18:50:07,429 [DEBUG] yandextank.core.tankcore tankcore.py:323	RC before: 1
2017-06-09 18:50:07,429 [DEBUG] yandextank.core.tankcore tankcore.py:325	RC after: 1
2017-06-09 18:50:07,429 [DEBUG] yandextank.core.tankcore tankcore.py:321	Finalize <yandextank.plugins.Aggregator.plugin.Plugin object at 0x7fe153d630d0>
2017-06-09 18:50:07,429 [DEBUG] yandextank.core.tankcore tankcore.py:323	RC before: 1
2017-06-09 18:50:07,429 [ERROR] yandextank.core.tankcore tankcore.py:327	Failed finishing plugin <yandextank.plugins.Aggregator.plugin.Plugin object at 0x7fe153d630d0>: 'Plugin' object has no attribute 'drain'
2017-06-09 18:50:07,430 [DEBUG] yandextank.core.tankcore tankcore.py:329	Failed finishing plugin: Traceback (most recent call last):
  File "/usr/local/lib/python2.7/dist-packages/yandextank/core/tankcore.py", line 324, in plugins_end_test
    plugin.end_test(retcode)
  File "/usr/local/lib/python2.7/dist-packages/yandextank/plugins/Aggregator/plugin.py", line 125, in end_test
    if self.drain:
AttributeError: 'Plugin' object has no attribute 'drain'

2017-06-09 18:50:07,430 [INFO] yandextank.core.tankcore tankcore.py:341	Post-processing test...
2017-06-09 18:50:07,430 [DEBUG] yandextank.core.tankcore tankcore.py:345	Post-process <yandextank.plugins.Phantom.plugin.Plugin object at 0x7fe153d63050>
2017-06-09 18:50:07,430 [DEBUG] yandextank.core.tankcore tankcore.py:347	RC before: 1
2017-06-09 18:50:07,430 [DEBUG] yandextank.core.tankcore tankcore.py:349	RC after: 1
2017-06-09 18:50:07,430 [DEBUG] yandextank.core.tankcore tankcore.py:345	Post-process <yandextank.plugins.Autostop.plugin.Plugin object at 0x7fe153d63250>
2017-06-09 18:50:07,430 [DEBUG] yandextank.core.tankcore tankcore.py:347	RC before: 1
2017-06-09 18:50:07,430 [DEBUG] yandextank.core.tankcore tankcore.py:349	RC after: 1
2017-06-09 18:50:07,430 [DEBUG] yandextank.core.tankcore tankcore.py:345	Post-process <yandextank.plugins.Console.plugin.Plugin object at 0x7fe153d63350>
2017-06-09 18:50:07,430 [DEBUG] yandextank.core.tankcore tankcore.py:347	RC before: 1
2017-06-09 18:50:07,430 [DEBUG] yandextank.core.tankcore tankcore.py:349	RC after: 1
2017-06-09 18:50:07,430 [DEBUG] yandextank.core.tankcore tankcore.py:345	Post-process <yandextank.plugins.JsonReport.plugin.Plugin object at 0x7fe153d637d0>
2017-06-09 18:50:07,430 [DEBUG] yandextank.core.tankcore tankcore.py:347	RC before: 1
2017-06-09 18:50:07,430 [ERROR] yandextank.core.tankcore tankcore.py:351	Failed post-processing plugin <yandextank.plugins.JsonReport.plugin.Plugin object at 0x7fe153d637d0>: 'Plugin' object has no attribute 'data_and_stats_stream'
2017-06-09 18:50:07,431 [DEBUG] yandextank.core.tankcore tankcore.py:354	Failed post-processing plugin: Traceback (most recent call last):
  File "/usr/local/lib/python2.7/dist-packages/yandextank/core/tankcore.py", line 348, in plugins_post_process
    retcode = plugin.post_process(retcode)
  File "/usr/local/lib/python2.7/dist-packages/yandextank/plugins/JsonReport/plugin.py", line 57, in post_process
    self.data_and_stats_stream.close()
AttributeError: 'Plugin' object has no attribute 'data_and_stats_stream'

2017-06-09 18:50:07,431 [DEBUG] yandextank.core.tankcore tankcore.py:345	Post-process <yandextank.plugins.ShellExec.plugin.Plugin object at 0x7fe153d43f50>
2017-06-09 18:50:07,431 [DEBUG] yandextank.core.tankcore tankcore.py:347	RC before: 1
2017-06-09 18:50:07,431 [DEBUG] yandextank.core.tankcore tankcore.py:349	RC after: 1
2017-06-09 18:50:07,431 [DEBUG] yandextank.core.tankcore tankcore.py:345	Post-process <yandextank.plugins.TipsAndTricks.plugin.Plugin object at 0x7fe153d63510>
2017-06-09 18:50:07,431 [DEBUG] yandextank.core.tankcore tankcore.py:347	RC before: 1
2017-06-09 18:50:07,431 [DEBUG] yandextank.core.tankcore tankcore.py:349	RC after: 1
2017-06-09 18:50:07,431 [DEBUG] yandextank.core.tankcore tankcore.py:345	Post-process <yandextank.plugins.RCAssert.plugin.Plugin object at 0x7fe153d63790>
2017-06-09 18:50:07,431 [DEBUG] yandextank.core.tankcore tankcore.py:347	RC before: 1
2017-06-09 18:50:07,431 [DEBUG] yandextank.core.tankcore tankcore.py:349	RC after: 1
2017-06-09 18:50:07,431 [DEBUG] yandextank.core.tankcore tankcore.py:345	Post-process <yandextank.plugins.Telegraf.plugin.Plugin object at 0x7fe153d632d0>
2017-06-09 18:50:07,431 [DEBUG] yandextank.core.tankcore tankcore.py:347	RC before: 1
2017-06-09 18:50:07,431 [DEBUG] yandextank.core.tankcore tankcore.py:349	RC after: 1
2017-06-09 18:50:07,431 [DEBUG] yandextank.core.tankcore tankcore.py:345	Post-process <yandextank.plugins.ResourceCheck.plugin.Plugin object at 0x7fe153d43a90>
2017-06-09 18:50:07,431 [DEBUG] yandextank.core.tankcore tankcore.py:347	RC before: 1
2017-06-09 18:50:07,431 [DEBUG] yandextank.core.tankcore tankcore.py:349	RC after: 1
2017-06-09 18:50:07,431 [DEBUG] yandextank.core.tankcore tankcore.py:345	Post-process <yandextank.plugins.Aggregator.plugin.Plugin object at 0x7fe153d630d0>
2017-06-09 18:50:07,431 [DEBUG] yandextank.core.tankcore tankcore.py:347	RC before: 1
2017-06-09 18:50:07,431 [DEBUG] yandextank.core.tankcore tankcore.py:349	RC after: 1
2017-06-09 18:50:07,431 [DEBUG] yandextank.core.tankcore tankcore.py:379	Collecting artifacts
2017-06-09 18:50:07,431 [INFO] yandextank.core.tankcore tankcore.py:380	Artifacts dir: /var/loadtest/logs/2017-06-09_18-50-07.Xf6STK
2017-06-09 18:50:07,432 [DEBUG] yandextank.core.tankcore tankcore.py:453	Collecting file: /var/loadtest/logs/phantom_rMEjxV.log to /var/loadtest/logs/2017-06-09_18-50-07.Xf6STK/phantom_rMEjxV.log
2017-06-09 18:50:07,432 [DEBUG] yandextank.core.tankcore tankcore.py:453	Collecting file: /var/loadtest/logs/phout_VOifZo.log to /var/loadtest/logs/2017-06-09_18-50-07.Xf6STK/phout_VOifZo.log
2017-06-09 18:50:07,432 [DEBUG] yandextank.core.tankcore tankcore.py:453	Collecting file: /var/lock/lunapark_rreIaX.lock to /var/loadtest/logs/2017-06-09_18-50-07.Xf6STK/lunapark_rreIaX.lock
2017-06-09 18:50:07,432 [DEBUG] yandextank.core.tankcore tankcore.py:453	Collecting file: /var/loadtest/logs/phantom_stat_l3oLDb.log to /var/loadtest/logs/2017-06-09_18-50-07.Xf6STK/phantom_stat_l3oLDb.log
2017-06-09 18:50:07,432 [DEBUG] yandextank.core.tankcore tankcore.py:453	Collecting file: tank.log to /var/loadtest/logs/2017-06-09_18-50-07.Xf6STK/tank.log
2017-06-09 18:50:07,432 [DEBUG] yandextank.core.tankcore tankcore.py:453	Collecting file: /var/loadtest/logs/answ_Aqz5Rj.log to /var/loadtest/logs/2017-06-09_18-50-07.Xf6STK/answ_Aqz5Rj.log
2017-06-09 18:50:07,432 [INFO] yandextank.core.consoleworker consoleworker.py:257	Done graceful shutdown
2017-06-09 18:50:07,432 [INFO] yandextank.core.tankcore tankcore.py:567	Close allocated resources...
2017-06-09 18:50:07,432 [DEBUG] yandextank.core.tankcore tankcore.py:570	Close <yandextank.plugins.Phantom.plugin.Plugin object at 0x7fe153d63050>
2017-06-09 18:50:07,433 [DEBUG] yandextank.core.tankcore tankcore.py:570	Close <yandextank.plugins.Autostop.plugin.Plugin object at 0x7fe153d63250>
2017-06-09 18:50:07,433 [DEBUG] yandextank.core.tankcore tankcore.py:570	Close <yandextank.plugins.Console.plugin.Plugin object at 0x7fe153d63350>
2017-06-09 18:50:07,433 [DEBUG] yandextank.core.tankcore tankcore.py:570	Close <yandextank.plugins.JsonReport.plugin.Plugin object at 0x7fe153d637d0>
2017-06-09 18:50:07,433 [DEBUG] yandextank.core.tankcore tankcore.py:570	Close <yandextank.plugins.ShellExec.plugin.Plugin object at 0x7fe153d43f50>
2017-06-09 18:50:07,433 [DEBUG] yandextank.core.tankcore tankcore.py:570	Close <yandextank.plugins.TipsAndTricks.plugin.Plugin object at 0x7fe153d63510>
2017-06-09 18:50:07,433 [DEBUG] yandextank.core.tankcore tankcore.py:570	Close <yandextank.plugins.RCAssert.plugin.Plugin object at 0x7fe153d63790>
2017-06-09 18:50:07,433 [DEBUG] yandextank.core.tankcore tankcore.py:570	Close <yandextank.plugins.Telegraf.plugin.Plugin object at 0x7fe153d632d0>
2017-06-09 18:50:07,433 [DEBUG] yandextank.core.tankcore tankcore.py:570	Close <yandextank.plugins.ResourceCheck.plugin.Plugin object at 0x7fe153d43a90>
2017-06-09 18:50:07,433 [DEBUG] yandextank.core.tankcore tankcore.py:570	Close <yandextank.plugins.Aggregator.plugin.Plugin object at 0x7fe153d630d0>
2017-06-09 18:50:07,433 [INFO] yandextank.core.consoleworker consoleworker.py:317	Done performing test with code 1
